<?xml version="1.0" encoding="UTF-8"?>
<!-- Generated by org.testng.reporters.JUnitReportReporter -->
<testsuite skipped="0" hostname="STS-INCH-LP038" name="newbasics.login" tests="1" failures="0" timestamp="2024-08-08T15:54:08 IST" time="18.987" errors="0">
  <testcase name="loginv1" time="18.987" classname="newbasics.login"/>
  <system-out/>
</testsuite> <!-- newbasics.login -->
