<?xml version="1.0" encoding="UTF-8"?>
<!-- Generated by org.testng.reporters.JUnitReportReporter -->
<testsuite skipped="0" hostname="STS-INCH-LP038" name="newbasics.login" tests="1" failures="0" timestamp="2024-08-02T11:39:56 IST" time="13.658" errors="0">
  <testcase name="testLogin" time="13.658" classname="newbasics.login"/>
  <system-out/>
</testsuite> <!-- newbasics.login -->
