<?xml version="1.0" encoding="UTF-8"?>
<!-- Generated by org.testng.reporters.JUnitReportReporter -->
<testsuite skipped="0" hostname="STS-INCH-LP038" name="newbasics.logout" tests="1" failures="0" timestamp="2024-08-07T08:57:01 IST" time="20.748" errors="0">
  <testcase name="main" time="20.748" classname="newbasics.logout"/>
  <system-out/>
</testsuite> <!-- newbasics.logout -->
