<?xml version="1.0" encoding="UTF-8"?>
<!-- Generated by org.testng.reporters.JUnitReportReporter -->
<testsuite skipped="0" hostname="STS-INCH-LP038" name="newbasics.logout" tests="1" failures="0" timestamp="2024-08-02T11:36:04 IST" time="29.911" errors="0">
  <testcase name="main" time="29.911" classname="newbasics.logout"/>
  <system-out/>
</testsuite> <!-- newbasics.logout -->
