<?xml version="1.0" encoding="UTF-8"?>
<!-- Generated by org.testng.reporters.JUnitReportReporter -->
<testsuite skipped="0" hostname="STS-INCH-LP038" name="newbasics.login" tests="1" failures="0" timestamp="2024-08-02T12:07:42 IST" time="11.052" errors="0">
  <testcase name="testLogin" time="11.052" classname="newbasics.login"/>
  <system-out/>
</testsuite> <!-- newbasics.login -->
