<?xml version="1.0" encoding="UTF-8"?>
<!-- Generated by org.testng.reporters.JUnitReportReporter -->
<testsuite skipped="0" hostname="STS-INCH-LP038" name="newbasics.logout" tests="1" failures="0" timestamp="2024-08-08T15:54:08 IST" time="14.140" errors="0">
  <testcase name="logoutv1" time="14.140" classname="newbasics.logout"/>
  <system-out/>
</testsuite> <!-- newbasics.logout -->
