<?xml version="1.0" encoding="UTF-8"?>
<!-- Generated by org.testng.reporters.JUnitReportReporter -->
<testsuite skipped="0" hostname="STS-INCH-LP038" name="newbasics.login" tests="1" failures="0" timestamp="2024-06-13T18:33:55 IST" time="22.592" errors="0">
  <testcase name="main" time="22.592" classname="newbasics.login"/>
  <system-out/>
</testsuite> <!-- newbasics.login -->
