<?xml version="1.0" encoding="UTF-8"?>
<!-- Generated by org.testng.reporters.JUnitReportReporter -->
<testsuite skipped="0" hostname="STS-INCH-LP038" name="newbasics.login" tests="1" failures="0" timestamp="2024-06-28T17:26:57 IST" time="19.674" errors="0">
  <testcase name="main" time="19.674" classname="newbasics.login"/>
  <system-out/>
</testsuite> <!-- newbasics.login -->
