<?xml version="1.0" encoding="UTF-8"?>
<!-- Generated by org.testng.reporters.JUnitReportReporter -->
<testsuite skipped="0" hostname="STS-INCH-LP038" name="newbasics.login" tests="1" failures="0" timestamp="2024-08-02T12:11:59 IST" time="21.834" errors="0">
  <testcase name="main" time="21.834" classname="newbasics.login"/>
  <system-out/>
</testsuite> <!-- newbasics.login -->
