<?xml version="1.0" encoding="UTF-8"?>
<!-- Generated by org.testng.reporters.JUnitReportReporter -->
<testsuite skipped="0" hostname="STS-INCH-LP038" name="newbasics.login" tests="1" failures="0" timestamp="2024-08-02T11:19:44 IST" time="23.916" errors="0">
  <testcase name="main" time="23.916" classname="newbasics.login"/>
  <system-out/>
</testsuite> <!-- newbasics.login -->
