<?xml version="1.0" encoding="UTF-8"?>
<!-- Generated by org.testng.reporters.JUnitReportReporter -->
<testsuite skipped="0" hostname="STS-INCH-LP038" name="newbasics.login" tests="1" failures="0" timestamp="2024-08-07T08:57:01 IST" time="28.345" errors="0">
  <testcase name="main" time="28.345" classname="newbasics.login"/>
  <system-out/>
</testsuite> <!-- newbasics.login -->
