<?xml version="1.0" encoding="UTF-8"?>
<!-- Generated by org.testng.reporters.JUnitReportReporter -->
<testsuite skipped="0" hostname="STS-INCH-LP038" name="newbasics.logout" tests="1" failures="0" timestamp="2024-06-12T12:33:52 IST" time="26.310" errors="0">
  <testcase name="main" time="26.310" classname="newbasics.logout"/>
  <system-out/>
</testsuite> <!-- newbasics.logout -->
